{"C:\\Users\\hieuc\\Downloads\\test\\frontend\\src\\App.jsx": {"path":"C:\\Users\\hieuc\\Downloads\\test\\frontend\\src\\App.jsx","statementMap":{"0":{"start":{"line":11,"column":10},"end":{"line":11,"column":11}},"1":{"start":{"line":12,"column":12},"end":{"line":133,"column":1}},"2":{"start":{"line":13,"column":28},"end":{"line":13,"column":40}},"3":{"start":{"line":14,"column":32},"end":{"line":14,"column":46}},"4":{"start":{"line":15,"column":42},"end":{"line":15,"column":56}},"5":{"start":{"line":16,"column":34},"end":{"line":16,"column":46}},"6":{"start":{"line":17,"column":34},"end":{"line":17,"column":46}},"7":{"start":{"line":18,"column":26},"end":{"line":18,"column":40}},"8":{"start":{"line":20,"column":22},"end":{"line":20,"column":30}},"9":{"start":{"line":22,"column":2},"end":{"line":26,"column":8}},"10":{"start":{"line":23,"column":4},"end":{"line":25,"column":6}},"11":{"start":{"line":24,"column":6},"end":{"line":24,"column":28}},"12":{"start":{"line":28,"column":2},"end":{"line":35,"column":8}},"13":{"start":{"line":29,"column":27},"end":{"line":29,"column":75}},"14":{"start":{"line":30,"column":4},"end":{"line":34,"column":5}},"15":{"start":{"line":31,"column":19},"end":{"line":31,"column":45}},"16":{"start":{"line":32,"column":6},"end":{"line":32,"column":19}},"17":{"start":{"line":33,"column":6},"end":{"line":33,"column":38}},"18":{"start":{"line":36,"column":22},"end":{"line":55,"column":3}},"19":{"start":{"line":37,"column":4},"end":{"line":37,"column":26}},"20":{"start":{"line":38,"column":4},"end":{"line":52,"column":5}},"21":{"start":{"line":39,"column":19},"end":{"line":39,"column":67}},"22":{"start":{"line":40,"column":6},"end":{"line":42,"column":7}},"23":{"start":{"line":43,"column":6},"end":{"line":43,"column":38}},"24":{"start":{"line":44,"column":6},"end":{"line":44,"column":19}},"25":{"start":{"line":45,"column":6},"end":{"line":45,"column":21}},"26":{"start":{"line":46,"column":6},"end":{"line":46,"column":21}},"27":{"start":{"line":48,"column":6},"end":{"line":48,"column":42}},"28":{"start":{"line":49,"column":6},"end":{"line":51,"column":14}},"29":{"start":{"line":50,"column":8},"end":{"line":50,"column":29}},"30":{"start":{"line":54,"column":4},"end":{"line":54,"column":54}},"31":{"start":{"line":57,"column":18},"end":{"line":62,"column":3}},"32":{"start":{"line":58,"column":4},"end":{"line":61,"column":6}},"33":{"start":{"line":59,"column":6},"end":{"line":59,"column":42}},"34":{"start":{"line":60,"column":6},"end":{"line":60,"column":44}},"35":{"start":{"line":64,"column":29},"end":{"line":81,"column":3}},"36":{"start":{"line":65,"column":17},"end":{"line":65,"column":47}},"37":{"start":{"line":65,"column":35},"end":{"line":65,"column":46}},"38":{"start":{"line":66,"column":24},"end":{"line":66,"column":77}},"39":{"start":{"line":68,"column":4},"end":{"line":80,"column":8}},"40":{"start":{"line":71,"column":8},"end":{"line":71,"column":77}},"41":{"start":{"line":71,"column":38},"end":{"line":71,"column":74}},"42":{"start":{"line":74,"column":8},"end":{"line":76,"column":9}},"43":{"start":{"line":77,"column":8},"end":{"line":79,"column":16}},"44":{"start":{"line":78,"column":10},"end":{"line":78,"column":31}},"45":{"start":{"line":84,"column":22},"end":{"line":84,"column":78}},"46":{"start":{"line":84,"column":63},"end":{"line":84,"column":77}},"47":{"start":{"line":86,"column":20},"end":{"line":99,"column":3}},"48":{"start":{"line":88,"column":4},"end":{"line":98,"column":5}},"49":{"start":{"line":93,"column":48},"end":{"line":93,"column":73}},"50":{"start":{"line":94,"column":48},"end":{"line":94,"column":73}},"51":{"start":{"line":101,"column":19},"end":{"line":107,"column":3}},"52":{"start":{"line":102,"column":4},"end":{"line":106,"column":16}},"53":{"start":{"line":109,"column":2},"end":{"line":132,"column":3}},"54":{"start":{"line":123,"column":10},"end":{"line":127,"column":12}},"55":{"start":{"line":126,"column":36},"end":{"line":126,"column":63}}},"fnMap":{"0":{"name":"(anonymous_0)","decl":{"start":{"line":12,"column":12},"end":{"line":12,"column":13}},"loc":{"start":{"line":12,"column":18},"end":{"line":133,"column":1}},"line":12},"1":{"name":"(anonymous_1)","decl":{"start":{"line":22,"column":12},"end":{"line":22,"column":13}},"loc":{"start":{"line":22,"column":18},"end":{"line":26,"column":3}},"line":22},"2":{"name":"(anonymous_2)","decl":{"start":{"line":23,"column":30},"end":{"line":23,"column":31}},"loc":{"start":{"line":23,"column":48},"end":{"line":25,"column":5}},"line":23},"3":{"name":"(anonymous_3)","decl":{"start":{"line":28,"column":12},"end":{"line":28,"column":13}},"loc":{"start":{"line":28,"column":18},"end":{"line":35,"column":3}},"line":28},"4":{"name":"(anonymous_4)","decl":{"start":{"line":36,"column":22},"end":{"line":36,"column":23}},"loc":{"start":{"line":36,"column":39},"end":{"line":55,"column":3}},"line":36},"5":{"name":"(anonymous_5)","decl":{"start":{"line":49,"column":17},"end":{"line":49,"column":18}},"loc":{"start":{"line":49,"column":23},"end":{"line":51,"column":7}},"line":49},"6":{"name":"(anonymous_6)","decl":{"start":{"line":57,"column":18},"end":{"line":57,"column":19}},"loc":{"start":{"line":57,"column":34},"end":{"line":62,"column":3}},"line":57},"7":{"name":"(anonymous_7)","decl":{"start":{"line":58,"column":40},"end":{"line":58,"column":41}},"loc":{"start":{"line":58,"column":58},"end":{"line":61,"column":5}},"line":58},"8":{"name":"(anonymous_8)","decl":{"start":{"line":64,"column":29},"end":{"line":64,"column":30}},"loc":{"start":{"line":64,"column":37},"end":{"line":81,"column":3}},"line":64},"9":{"name":"(anonymous_9)","decl":{"start":{"line":65,"column":28},"end":{"line":65,"column":29}},"loc":{"start":{"line":65,"column":35},"end":{"line":65,"column":46}},"line":65},"10":{"name":"(anonymous_10)","decl":{"start":{"line":70,"column":12},"end":{"line":70,"column":13}},"loc":{"start":{"line":70,"column":30},"end":{"line":72,"column":7}},"line":70},"11":{"name":"(anonymous_11)","decl":{"start":{"line":71,"column":27},"end":{"line":71,"column":28}},"loc":{"start":{"line":71,"column":38},"end":{"line":71,"column":74}},"line":71},"12":{"name":"(anonymous_12)","decl":{"start":{"line":73,"column":13},"end":{"line":73,"column":14}},"loc":{"start":{"line":73,"column":24},"end":{"line":80,"column":7}},"line":73},"13":{"name":"(anonymous_13)","decl":{"start":{"line":77,"column":19},"end":{"line":77,"column":20}},"loc":{"start":{"line":77,"column":25},"end":{"line":79,"column":9}},"line":77},"14":{"name":"(anonymous_14)","decl":{"start":{"line":84,"column":53},"end":{"line":84,"column":54}},"loc":{"start":{"line":84,"column":63},"end":{"line":84,"column":77}},"line":84},"15":{"name":"(anonymous_15)","decl":{"start":{"line":86,"column":20},"end":{"line":86,"column":21}},"loc":{"start":{"line":86,"column":26},"end":{"line":99,"column":3}},"line":86},"16":{"name":"(anonymous_16)","decl":{"start":{"line":93,"column":32},"end":{"line":93,"column":33}},"loc":{"start":{"line":93,"column":48},"end":{"line":93,"column":73}},"line":93},"17":{"name":"(anonymous_17)","decl":{"start":{"line":94,"column":32},"end":{"line":94,"column":33}},"loc":{"start":{"line":94,"column":48},"end":{"line":94,"column":73}},"line":94},"18":{"name":"(anonymous_18)","decl":{"start":{"line":101,"column":19},"end":{"line":101,"column":20}},"loc":{"start":{"line":102,"column":4},"end":{"line":106,"column":16}},"line":102},"19":{"name":"(anonymous_19)","decl":{"start":{"line":122,"column":25},"end":{"line":122,"column":26}},"loc":{"start":{"line":123,"column":10},"end":{"line":127,"column":12}},"line":123},"20":{"name":"(anonymous_20)","decl":{"start":{"line":126,"column":30},"end":{"line":126,"column":31}},"loc":{"start":{"line":126,"column":36},"end":{"line":126,"column":63}},"line":126}},"branchMap":{"0":{"loc":{"start":{"line":30,"column":4},"end":{"line":34,"column":5}},"type":"if","locations":[{"start":{"line":30,"column":4},"end":{"line":34,"column":5}},{"start":{},"end":{}}],"line":30},"1":{"loc":{"start":{"line":71,"column":38},"end":{"line":71,"column":74}},"type":"cond-expr","locations":[{"start":{"line":71,"column":55},"end":{"line":71,"column":59}},{"start":{"line":71,"column":62},"end":{"line":71,"column":74}}],"line":71},"2":{"loc":{"start":{"line":84,"column":22},"end":{"line":84,"column":78}},"type":"cond-expr","locations":[{"start":{"line":84,"column":32},"end":{"line":84,"column":37}},{"start":{"line":84,"column":40},"end":{"line":84,"column":78}}],"line":84},"3":{"loc":{"start":{"line":113,"column":7},"end":{"line":113,"column":27}},"type":"binary-expr","locations":[{"start":{"line":113,"column":7},"end":{"line":113,"column":12}},{"start":{"line":113,"column":16},"end":{"line":113,"column":27}}],"line":113},"4":{"loc":{"start":{"line":114,"column":7},"end":{"line":117,"column":12}},"type":"binary-expr","locations":[{"start":{"line":114,"column":7},"end":{"line":114,"column":11}},{"start":{"line":114,"column":15},"end":{"line":117,"column":12}}],"line":114}},"s":{"0":0,"1":0,"2":0,"3":0,"4":0,"5":0,"6":0,"7":0,"8":0,"9":0,"10":0,"11":0,"12":0,"13":0,"14":0,"15":0,"16":0,"17":0,"18":0,"19":0,"20":0,"21":0,"22":0,"23":0,"24":0,"25":0,"26":0,"27":0,"28":0,"29":0,"30":0,"31":0,"32":0,"33":0,"34":0,"35":0,"36":0,"37":0,"38":0,"39":0,"40":0,"41":0,"42":0,"43":0,"44":0,"45":0,"46":0,"47":0,"48":0,"49":0,"50":0,"51":0,"52":0,"53":0,"54":0,"55":0},"f":{"0":0,"1":0,"2":0,"3":0,"4":0,"5":0,"6":0,"7":0,"8":0,"9":0,"10":0,"11":0,"12":0,"13":0,"14":0,"15":0,"16":0,"17":0,"18":0,"19":0,"20":0},"b":{"0":[0,0],"1":[0,0],"2":[0,0],"3":[0,0],"4":[0,0]}}
,"C:\\Users\\hieuc\\Downloads\\test\\frontend\\src\\main.jsx": {"path":"C:\\Users\\hieuc\\Downloads\\test\\frontend\\src\\main.jsx","statementMap":{"0":{"start":{"line":5,"column":0},"end":{"line":5,"column":68}}},"fnMap":{},"branchMap":{},"s":{"0":0},"f":{},"b":{}}
,"C:\\Users\\hieuc\\Downloads\\test\\frontend\\src\\components\\Footer.jsx": {"path":"C:\\Users\\hieuc\\Downloads\\test\\frontend\\src\\components\\Footer.jsx","statementMap":{"0":{"start":{"line":1,"column":15},"end":{"line":14,"column":1}},"1":{"start":{"line":2,"column":22},"end":{"line":6,"column":3}},"2":{"start":{"line":8,"column":2},"end":{"line":13,"column":3}}},"fnMap":{"0":{"name":"(anonymous_0)","decl":{"start":{"line":1,"column":15},"end":{"line":1,"column":16}},"loc":{"start":{"line":1,"column":21},"end":{"line":14,"column":1}},"line":1}},"branchMap":{},"s":{"0":0,"1":0,"2":0},"f":{"0":0},"b":{}}
,"C:\\Users\\hieuc\\Downloads\\test\\frontend\\src\\components\\LoginForm.jsx": {"path":"C:\\Users\\hieuc\\Downloads\\test\\frontend\\src\\components\\LoginForm.jsx","statementMap":{"0":{"start":{"line":2,"column":18},"end":{"line":33,"column":1}},"1":{"start":{"line":9,"column":2},"end":{"line":32,"column":3}},"2":{"start":{"line":34,"column":0},"end":{"line":40,"column":1}}},"fnMap":{"0":{"name":"(anonymous_0)","decl":{"start":{"line":2,"column":18},"end":{"line":2,"column":19}},"loc":{"start":{"line":8,"column":8},"end":{"line":33,"column":1}},"line":8}},"branchMap":{},"s":{"0":0,"1":0,"2":0},"f":{"0":0},"b":{}}
,"C:\\Users\\hieuc\\Downloads\\test\\frontend\\src\\components\\Note.jsx": {"path":"C:\\Users\\hieuc\\Downloads\\test\\frontend\\src\\components\\Note.jsx","statementMap":{"0":{"start":{"line":1,"column":13},"end":{"line":11,"column":1}},"1":{"start":{"line":2,"column":16},"end":{"line":3,"column":45}},"2":{"start":{"line":5,"column":2},"end":{"line":10,"column":3}}},"fnMap":{"0":{"name":"(anonymous_0)","decl":{"start":{"line":1,"column":13},"end":{"line":1,"column":14}},"loc":{"start":{"line":1,"column":45},"end":{"line":11,"column":1}},"line":1}},"branchMap":{"0":{"loc":{"start":{"line":2,"column":16},"end":{"line":3,"column":45}},"type":"cond-expr","locations":[{"start":{"line":3,"column":6},"end":{"line":3,"column":26}},{"start":{"line":3,"column":29},"end":{"line":3,"column":45}}],"line":2}},"s":{"0":1,"1":2,"2":2},"f":{"0":2},"b":{"0":[2,0]},"_coverageSchema":"1a1c01bbd47fc00a2c39e90264f33305004495a9","hash":"46879dc36362019d916b0c776e96b0d6d1bd847b"}
,"C:\\Users\\hieuc\\Downloads\\test\\frontend\\src\\components\\NoteForm.jsx": {"path":"C:\\Users\\hieuc\\Downloads\\test\\frontend\\src\\components\\NoteForm.jsx","statementMap":{"0":{"start":{"line":3,"column":17},"end":{"line":29,"column":1}},"1":{"start":{"line":4,"column":32},"end":{"line":4,"column":44}},"2":{"start":{"line":6,"column":18},"end":{"line":14,"column":3}},"3":{"start":{"line":7,"column":4},"end":{"line":7,"column":26}},"4":{"start":{"line":8,"column":4},"end":{"line":11,"column":6}},"5":{"start":{"line":13,"column":4},"end":{"line":13,"column":18}},"6":{"start":{"line":16,"column":2},"end":{"line":28,"column":3}},"7":{"start":{"line":23,"column":29},"end":{"line":23,"column":59}}},"fnMap":{"0":{"name":"(anonymous_0)","decl":{"start":{"line":3,"column":17},"end":{"line":3,"column":18}},"loc":{"start":{"line":3,"column":37},"end":{"line":29,"column":1}},"line":3},"1":{"name":"(anonymous_1)","decl":{"start":{"line":6,"column":18},"end":{"line":6,"column":19}},"loc":{"start":{"line":6,"column":29},"end":{"line":14,"column":3}},"line":6},"2":{"name":"(anonymous_2)","decl":{"start":{"line":23,"column":20},"end":{"line":23,"column":21}},"loc":{"start":{"line":23,"column":29},"end":{"line":23,"column":59}},"line":23}},"branchMap":{},"s":{"0":1,"1":19,"2":19,"3":1,"4":1,"5":1,"6":19,"7":17},"f":{"0":19,"1":1,"2":17},"b":{},"_coverageSchema":"1a1c01bbd47fc00a2c39e90264f33305004495a9","hash":"89603ec63ce2ddabc8d19230ebc10bfef2a3b9db"}
,"C:\\Users\\hieuc\\Downloads\\test\\frontend\\src\\components\\Notification.jsx": {"path":"C:\\Users\\hieuc\\Downloads\\test\\frontend\\src\\components\\Notification.jsx","statementMap":{"0":{"start":{"line":1,"column":21},"end":{"line":11,"column":1}},"1":{"start":{"line":2,"column":2},"end":{"line":4,"column":3}},"2":{"start":{"line":3,"column":4},"end":{"line":3,"column":15}},"3":{"start":{"line":6,"column":2},"end":{"line":10,"column":3}}},"fnMap":{"0":{"name":"(anonymous_0)","decl":{"start":{"line":1,"column":21},"end":{"line":1,"column":22}},"loc":{"start":{"line":1,"column":38},"end":{"line":11,"column":1}},"line":1}},"branchMap":{"0":{"loc":{"start":{"line":2,"column":2},"end":{"line":4,"column":3}},"type":"if","locations":[{"start":{"line":2,"column":2},"end":{"line":4,"column":3}},{"start":{},"end":{}}],"line":2}},"s":{"0":0,"1":0,"2":0,"3":0},"f":{"0":0},"b":{"0":[0,0]}}
,"C:\\Users\\hieuc\\Downloads\\test\\frontend\\src\\components\\Togglable.jsx": {"path":"C:\\Users\\hieuc\\Downloads\\test\\frontend\\src\\components\\Togglable.jsx","statementMap":{"0":{"start":{"line":4,"column":18},"end":{"line":33,"column":2}},"1":{"start":{"line":5,"column":32},"end":{"line":5,"column":47}},"2":{"start":{"line":7,"column":26},"end":{"line":7,"column":60}},"3":{"start":{"line":8,"column":26},"end":{"line":8,"column":60}},"4":{"start":{"line":10,"column":27},"end":{"line":12,"column":3}},"5":{"start":{"line":11,"column":4},"end":{"line":11,"column":24}},"6":{"start":{"line":15,"column":2},"end":{"line":19,"column":4}},"7":{"start":{"line":16,"column":4},"end":{"line":18,"column":5}},"8":{"start":{"line":21,"column":2},"end":{"line":31,"column":3}},"9":{"start":{"line":34,"column":0},"end":{"line":36,"column":1}},"10":{"start":{"line":38,"column":0},"end":{"line":38,"column":35}}},"fnMap":{"0":{"name":"(anonymous_0)","decl":{"start":{"line":4,"column":29},"end":{"line":4,"column":30}},"loc":{"start":{"line":4,"column":46},"end":{"line":33,"column":1}},"line":4},"1":{"name":"(anonymous_1)","decl":{"start":{"line":10,"column":27},"end":{"line":10,"column":28}},"loc":{"start":{"line":10,"column":33},"end":{"line":12,"column":3}},"line":10},"2":{"name":"(anonymous_2)","decl":{"start":{"line":15,"column":28},"end":{"line":15,"column":29}},"loc":{"start":{"line":15,"column":34},"end":{"line":19,"column":3}},"line":15}},"branchMap":{"0":{"loc":{"start":{"line":7,"column":37},"end":{"line":7,"column":58}},"type":"cond-expr","locations":[{"start":{"line":7,"column":47},"end":{"line":7,"column":53}},{"start":{"line":7,"column":56},"end":{"line":7,"column":58}}],"line":7},"1":{"loc":{"start":{"line":8,"column":37},"end":{"line":8,"column":58}},"type":"cond-expr","locations":[{"start":{"line":8,"column":47},"end":{"line":8,"column":49}},{"start":{"line":8,"column":52},"end":{"line":8,"column":58}}],"line":8}},"s":{"0":1,"1":7,"2":7,"3":7,"4":7,"5":3,"6":7,"7":0,"8":7,"9":1,"10":1},"f":{"0":7,"1":3,"2":0},"b":{"0":[2,5],"1":[2,5]},"_coverageSchema":"1a1c01bbd47fc00a2c39e90264f33305004495a9","hash":"0006ded98cb4573e8ab5b3a0a43f6e222b61b5e4"}
,"C:\\Users\\hieuc\\Downloads\\test\\frontend\\src\\services\\login.js": {"path":"C:\\Users\\hieuc\\Downloads\\test\\frontend\\src\\services\\login.js","statementMap":{"0":{"start":{"line":2,"column":16},"end":{"line":2,"column":28}},"1":{"start":{"line":4,"column":14},"end":{"line":7,"column":1}},"2":{"start":{"line":5,"column":19},"end":{"line":5,"column":57}},"3":{"start":{"line":6,"column":2},"end":{"line":6,"column":22}}},"fnMap":{"0":{"name":"(anonymous_0)","decl":{"start":{"line":4,"column":14},"end":{"line":4,"column":15}},"loc":{"start":{"line":4,"column":35},"end":{"line":7,"column":1}},"line":4}},"branchMap":{},"s":{"0":0,"1":0,"2":0,"3":0},"f":{"0":0},"b":{}}
,"C:\\Users\\hieuc\\Downloads\\test\\frontend\\src\\services\\notes.js": {"path":"C:\\Users\\hieuc\\Downloads\\test\\frontend\\src\\services\\notes.js","statementMap":{"0":{"start":{"line":2,"column":16},"end":{"line":2,"column":28}},"1":{"start":{"line":4,"column":12},"end":{"line":4,"column":16}},"2":{"start":{"line":6,"column":17},"end":{"line":8,"column":1}},"3":{"start":{"line":7,"column":1},"end":{"line":7,"column":30}},"4":{"start":{"line":9,"column":15},"end":{"line":12,"column":1}},"5":{"start":{"line":10,"column":17},"end":{"line":10,"column":35}},"6":{"start":{"line":11,"column":1},"end":{"line":11,"column":50}},"7":{"start":{"line":11,"column":35},"end":{"line":11,"column":48}},"8":{"start":{"line":14,"column":15},"end":{"line":18,"column":1}},"9":{"start":{"line":15,"column":14},"end":{"line":15,"column":47}},"10":{"start":{"line":16,"column":18},"end":{"line":16,"column":62}},"11":{"start":{"line":17,"column":1},"end":{"line":17,"column":21}},"12":{"start":{"line":20,"column":15},"end":{"line":23,"column":1}},"13":{"start":{"line":21,"column":18},"end":{"line":21,"column":64}},"14":{"start":{"line":22,"column":1},"end":{"line":22,"column":22}}},"fnMap":{"0":{"name":"(anonymous_0)","decl":{"start":{"line":6,"column":17},"end":{"line":6,"column":18}},"loc":{"start":{"line":6,"column":29},"end":{"line":8,"column":1}},"line":6},"1":{"name":"(anonymous_1)","decl":{"start":{"line":9,"column":15},"end":{"line":9,"column":16}},"loc":{"start":{"line":9,"column":21},"end":{"line":12,"column":1}},"line":9},"2":{"name":"(anonymous_2)","decl":{"start":{"line":11,"column":21},"end":{"line":11,"column":22}},"loc":{"start":{"line":11,"column":35},"end":{"line":11,"column":48}},"line":11},"3":{"name":"(anonymous_3)","decl":{"start":{"line":14,"column":15},"end":{"line":14,"column":16}},"loc":{"start":{"line":14,"column":36},"end":{"line":18,"column":1}},"line":14},"4":{"name":"(anonymous_4)","decl":{"start":{"line":20,"column":15},"end":{"line":20,"column":16}},"loc":{"start":{"line":20,"column":40},"end":{"line":23,"column":1}},"line":20}},"branchMap":{},"s":{"0":0,"1":0,"2":0,"3":0,"4":0,"5":0,"6":0,"7":0,"8":0,"9":0,"10":0,"11":0,"12":0,"13":0,"14":0},"f":{"0":0,"1":0,"2":0,"3":0,"4":0},"b":{}}
}
